{"level":"info","message":"BEGIN: POST /api/users:setDefaultRole","reqId":"a7b3de13-1fa5-4452-872f-c3bb445880f2","timestamp":"2023-07-06T05:01:31.365Z"}
{"can":null,"level":"info","message":"ctx permission","reqId":"a7b3de13-1fa5-4452-872f-c3bb445880f2","skip":true,"timestamp":"2023-07-06T05:01:31.436Z"}
{"level":"info","message":"acl params","reqId":"a7b3de13-1fa5-4452-872f-c3bb445880f2","timestamp":"2023-07-06T05:01:31.436Z"}
{"level":"info","message":"acl parsedParams","reqId":"a7b3de13-1fa5-4452-872f-c3bb445880f2","timestamp":"2023-07-06T05:01:31.436Z"}
{"level":"info","message":"END: POST /api/users:setDefaultRole","req":{"action":{"actionName":"setDefaultRole","params":{"actionName":"setDefaultRole","resourceName":"users","values":{"roleName":"admin"}},"resourceName":"users"},"header":{"x-hostname":"localhost","x-locale":"en-US","x-role":"admin","x-timezone":"+08:00"}},"reqId":"a7b3de13-1fa5-4452-872f-c3bb445880f2","res":{"status":200},"responseTime":96,"timestamp":"2023-07-06T05:01:31.461Z"}
{"level":"info","message":"BEGIN: GET /api/app:getLang?locale=en-US","reqId":"4506cccc-94c4-4f21-a23b-4a20e3ff5af0","timestamp":"2023-07-06T05:01:33.283Z"}
{"level":"info","message":"BEGIN: GET /api/app:getPlugins","reqId":"d8c084c7-ae56-4105-aec7-662e589dcf8c","timestamp":"2023-07-06T05:01:33.286Z"}
{"can":null,"level":"info","message":"ctx permission","reqId":"4506cccc-94c4-4f21-a23b-4a20e3ff5af0","skip":true,"timestamp":"2023-07-06T05:01:33.368Z"}
{"level":"info","message":"acl params","reqId":"4506cccc-94c4-4f21-a23b-4a20e3ff5af0","timestamp":"2023-07-06T05:01:33.368Z"}
{"level":"info","message":"acl parsedParams","reqId":"4506cccc-94c4-4f21-a23b-4a20e3ff5af0","timestamp":"2023-07-06T05:01:33.368Z"}
{"can":null,"level":"info","message":"ctx permission","reqId":"d8c084c7-ae56-4105-aec7-662e589dcf8c","skip":true,"timestamp":"2023-07-06T05:01:33.372Z"}
{"level":"info","message":"acl params","reqId":"d8c084c7-ae56-4105-aec7-662e589dcf8c","timestamp":"2023-07-06T05:01:33.372Z"}
{"level":"info","message":"acl parsedParams","reqId":"d8c084c7-ae56-4105-aec7-662e589dcf8c","timestamp":"2023-07-06T05:01:33.372Z"}
{"level":"info","message":"END: GET /api/app:getLang?locale=en-US","req":{"action":{"actionName":"getLang","params":{"actionName":"getLang","locale":"en-US","resourceName":"app"},"resourceName":"app"},"header":{"x-hostname":"localhost","x-locale":"en-US","x-role":"admin","x-timezone":"+08:00"}},"reqId":"4506cccc-94c4-4f21-a23b-4a20e3ff5af0","res":{"status":200},"responseTime":106,"timestamp":"2023-07-06T05:01:33.388Z"}
{"level":"info","message":"END: GET /api/app:getPlugins","req":{"action":{"actionName":"getPlugins","params":{"actionName":"getPlugins","resourceName":"app"},"resourceName":"app"},"header":{"x-hostname":"localhost","x-locale":"en-US","x-role":"admin","x-timezone":"+08:00"}},"reqId":"d8c084c7-ae56-4105-aec7-662e589dcf8c","res":{"status":200},"responseTime":147,"timestamp":"2023-07-06T05:01:33.432Z"}
{"level":"info","message":"BEGIN: GET /api/app:getLang?locale=en-US","reqId":"fd5fe91f-7165-4802-b610-aebde3f18d98","timestamp":"2023-07-06T05:01:33.599Z"}
{"can":null,"level":"info","message":"ctx permission","reqId":"fd5fe91f-7165-4802-b610-aebde3f18d98","skip":true,"timestamp":"2023-07-06T05:01:33.618Z"}
{"level":"info","message":"acl params","reqId":"fd5fe91f-7165-4802-b610-aebde3f18d98","timestamp":"2023-07-06T05:01:33.619Z"}
{"level":"info","message":"acl parsedParams","reqId":"fd5fe91f-7165-4802-b610-aebde3f18d98","timestamp":"2023-07-06T05:01:33.619Z"}
{"level":"info","message":"END: GET /api/app:getLang?locale=en-US","req":{"action":{"actionName":"getLang","params":{"actionName":"getLang","locale":"en-US","resourceName":"app"},"resourceName":"app"},"header":{"x-hostname":"localhost","x-locale":"en-US","x-role":"admin","x-timezone":"+08:00"}},"reqId":"fd5fe91f-7165-4802-b610-aebde3f18d98","res":{"status":200},"responseTime":25,"timestamp":"2023-07-06T05:01:33.624Z"}
{"level":"info","message":"BEGIN: GET /api/uiRoutes:getAccessible","reqId":"8d999103-1916-4faf-8e73-e0da50b8e7ea","timestamp":"2023-07-06T05:01:33.642Z"}
{"can":null,"level":"info","message":"ctx permission","reqId":"8d999103-1916-4faf-8e73-e0da50b8e7ea","skip":true,"timestamp":"2023-07-06T05:01:33.663Z"}
{"level":"info","message":"acl params","reqId":"8d999103-1916-4faf-8e73-e0da50b8e7ea","timestamp":"2023-07-06T05:01:33.663Z"}
{"level":"info","message":"acl parsedParams","reqId":"8d999103-1916-4faf-8e73-e0da50b8e7ea","timestamp":"2023-07-06T05:01:33.664Z"}
{"level":"info","message":"END: GET /api/uiRoutes:getAccessible","req":{"action":{"actionName":"getAccessible","params":{"actionName":"getAccessible","resourceName":"uiRoutes"},"resourceName":"uiRoutes"},"header":{"x-hostname":"localhost","x-locale":"en-US","x-role":"admin","x-timezone":"+08:00"}},"reqId":"8d999103-1916-4faf-8e73-e0da50b8e7ea","res":{"status":200},"responseTime":29,"timestamp":"2023-07-06T05:01:33.671Z"}
{"level":"info","message":"BEGIN: GET /api/systemSettings:get/1?appends=logo","reqId":"91cd9473-3cd0-4d3c-aa10-62a4e3a554f2","timestamp":"2023-07-06T05:01:33.684Z"}
{"can":{"action":"get","resource":"systemSettings","role":"admin"},"level":"info","message":"ctx permission","reqId":"91cd9473-3cd0-4d3c-aa10-62a4e3a554f2","skip":true,"timestamp":"2023-07-06T05:01:33.698Z"}
{"level":"info","message":"acl params","reqId":"91cd9473-3cd0-4d3c-aa10-62a4e3a554f2","timestamp":"2023-07-06T05:01:33.699Z"}
{"level":"info","message":"acl parsedParams","reqId":"91cd9473-3cd0-4d3c-aa10-62a4e3a554f2","timestamp":"2023-07-06T05:01:33.699Z"}
{"level":"info","message":"END: GET /api/systemSettings:get/1?appends=logo","req":{"action":{"actionName":"get","params":{"actionName":"get","appends":["logo"],"filterByTk":"1","resourceIndex":"1","resourceName":"systemSettings"},"resourceName":"systemSettings"},"header":{"x-hostname":"localhost","x-locale":"en-US","x-role":"admin","x-timezone":"+08:00"}},"reqId":"91cd9473-3cd0-4d3c-aa10-62a4e3a554f2","res":{"status":200},"responseTime":34,"timestamp":"2023-07-06T05:01:33.718Z"}
{"level":"info","message":"BEGIN: GET /api/app:getInfo","reqId":"9b1ff559-4db0-45a2-8dbb-45be4a7f2eeb","timestamp":"2023-07-06T05:01:33.753Z"}
{"level":"info","message":"BEGIN: POST /api/chartsQueries:listMetadata?paginate=false&sort%5B%5D=-id","reqId":"49362749-62d9-4e4f-b3d1-00ff344f86f8","timestamp":"2023-07-06T05:01:33.755Z"}
{"can":null,"level":"info","message":"ctx permission","reqId":"9b1ff559-4db0-45a2-8dbb-45be4a7f2eeb","skip":true,"timestamp":"2023-07-06T05:01:33.768Z"}
{"level":"info","message":"acl params","reqId":"9b1ff559-4db0-45a2-8dbb-45be4a7f2eeb","timestamp":"2023-07-06T05:01:33.768Z"}
{"level":"info","message":"acl parsedParams","reqId":"9b1ff559-4db0-45a2-8dbb-45be4a7f2eeb","timestamp":"2023-07-06T05:01:33.768Z"}
{"can":{"action":"listMetadata","resource":"chartsQueries","role":"admin"},"level":"info","message":"ctx permission","reqId":"49362749-62d9-4e4f-b3d1-00ff344f86f8","skip":true,"timestamp":"2023-07-06T05:01:33.776Z"}
{"level":"info","message":"acl params","reqId":"49362749-62d9-4e4f-b3d1-00ff344f86f8","timestamp":"2023-07-06T05:01:33.777Z"}
{"level":"info","message":"acl parsedParams","reqId":"49362749-62d9-4e4f-b3d1-00ff344f86f8","timestamp":"2023-07-06T05:01:33.777Z"}
{"level":"info","message":"END: POST /api/chartsQueries:listMetadata?paginate=false&sort%5B%5D=-id","req":{"action":{"actionName":"listMetadata","params":{"actionName":"listMetadata","paginate":"false","resourceName":"chartsQueries","sort":["-id"]},"resourceName":"chartsQueries"},"header":{"x-hostname":"localhost","x-locale":"en-US","x-role":"admin","x-timezone":"+08:00"}},"reqId":"49362749-62d9-4e4f-b3d1-00ff344f86f8","res":{"status":200},"responseTime":27,"timestamp":"2023-07-06T05:01:33.782Z"}
{"level":"info","message":"END: GET /api/app:getInfo","req":{"action":{"actionName":"getInfo","params":{"actionName":"getInfo","resourceName":"app"},"resourceName":"app"},"header":{"x-hostname":"localhost","x-locale":"en-US","x-role":"admin","x-timezone":"+08:00"}},"reqId":"9b1ff559-4db0-45a2-8dbb-45be4a7f2eeb","res":{"status":200},"responseTime":30,"timestamp":"2023-07-06T05:01:33.783Z"}
{"level":"info","message":"BEGIN: GET /api/app:getInfo","reqId":"e5ced048-6753-4f63-af60-aa52b23b6ca9","timestamp":"2023-07-06T05:01:33.792Z"}
{"can":null,"level":"info","message":"ctx permission","reqId":"e5ced048-6753-4f63-af60-aa52b23b6ca9","skip":true,"timestamp":"2023-07-06T05:01:33.805Z"}
{"level":"info","message":"acl params","reqId":"e5ced048-6753-4f63-af60-aa52b23b6ca9","timestamp":"2023-07-06T05:01:33.805Z"}
{"level":"info","message":"acl parsedParams","reqId":"e5ced048-6753-4f63-af60-aa52b23b6ca9","timestamp":"2023-07-06T05:01:33.805Z"}
{"level":"info","message":"END: GET /api/app:getInfo","req":{"action":{"actionName":"getInfo","params":{"actionName":"getInfo","resourceName":"app"},"resourceName":"app"},"header":{"x-hostname":"localhost","x-locale":"en-US","x-role":"admin","x-timezone":"+08:00"}},"reqId":"e5ced048-6753-4f63-af60-aa52b23b6ca9","res":{"status":200},"responseTime":20,"timestamp":"2023-07-06T05:01:33.812Z"}
{"level":"info","message":"BEGIN: GET /api/auth:check","reqId":"4c132e9b-523a-4b1c-af5b-cf4348aab3ea","timestamp":"2023-07-06T05:01:33.821Z"}
{"can":null,"level":"info","message":"ctx permission","reqId":"4c132e9b-523a-4b1c-af5b-cf4348aab3ea","skip":true,"timestamp":"2023-07-06T05:01:33.832Z"}
{"level":"info","message":"acl params","reqId":"4c132e9b-523a-4b1c-af5b-cf4348aab3ea","timestamp":"2023-07-06T05:01:33.832Z"}
{"level":"info","message":"acl parsedParams","reqId":"4c132e9b-523a-4b1c-af5b-cf4348aab3ea","timestamp":"2023-07-06T05:01:33.832Z"}
{"level":"info","message":"END: GET /api/auth:check","req":{"action":{"actionName":"check","params":{"actionName":"check","resourceName":"auth"},"resourceName":"auth"},"header":{"x-hostname":"localhost","x-locale":"en-US","x-role":"admin","x-timezone":"+08:00"}},"reqId":"4c132e9b-523a-4b1c-af5b-cf4348aab3ea","res":{"status":200},"responseTime":12,"timestamp":"2023-07-06T05:01:33.833Z"}
{"level":"info","message":"BEGIN: GET /api/uiSchemaTemplates:list?appends%5B%5D=collection&paginate=false","reqId":"fa7937e5-6b4c-4c02-8661-dbb3a19db5aa","timestamp":"2023-07-06T05:01:33.848Z"}
{"can":{"action":"list","resource":"uiSchemaTemplates","role":"admin"},"level":"info","message":"ctx permission","reqId":"fa7937e5-6b4c-4c02-8661-dbb3a19db5aa","skip":true,"timestamp":"2023-07-06T05:01:33.861Z"}
{"level":"info","message":"acl params","reqId":"fa7937e5-6b4c-4c02-8661-dbb3a19db5aa","timestamp":"2023-07-06T05:01:33.861Z"}
{"level":"info","message":"acl parsedParams","reqId":"fa7937e5-6b4c-4c02-8661-dbb3a19db5aa","timestamp":"2023-07-06T05:01:33.861Z"}
{"level":"info","message":"END: GET /api/uiSchemaTemplates:list?appends%5B%5D=collection&paginate=false","req":{"action":{"actionName":"list","params":{"actionName":"list","appends":["collection"],"paginate":"false","resourceName":"uiSchemaTemplates"},"resourceName":"uiSchemaTemplates"},"header":{"x-hostname":"localhost","x-locale":"en-US","x-role":"admin","x-timezone":"+08:00"}},"reqId":"fa7937e5-6b4c-4c02-8661-dbb3a19db5aa","res":{"status":200},"responseTime":29,"timestamp":"2023-07-06T05:01:33.877Z"}
{"level":"info","message":"BEGIN: GET /api/collections:list?paginate=false&appends%5B%5D=fields&appends%5B%5D=category&sort%5B%5D=sort&filter=%7B%7D","reqId":"de60053f-857c-4ab3-8de2-726291773982","timestamp":"2023-07-06T05:01:33.890Z"}
{"level":"info","message":"BEGIN: GET /api/collectionCategories:list?paginate=false&sort%5B%5D=sort","reqId":"7496f7e2-83ee-4668-a951-a3b6550b3e53","timestamp":"2023-07-06T05:01:33.893Z"}
{"can":{"action":"list","resource":"collections","role":"admin"},"level":"info","message":"ctx permission","reqId":"de60053f-857c-4ab3-8de2-726291773982","skip":true,"timestamp":"2023-07-06T05:01:33.905Z"}
{"level":"info","message":"acl params","reqId":"de60053f-857c-4ab3-8de2-726291773982","timestamp":"2023-07-06T05:01:33.906Z"}
{"level":"info","message":"acl parsedParams","reqId":"de60053f-857c-4ab3-8de2-726291773982","timestamp":"2023-07-06T05:01:33.906Z"}
{"can":{"action":"list","resource":"collectionCategories","role":"admin"},"level":"info","message":"ctx permission","reqId":"7496f7e2-83ee-4668-a951-a3b6550b3e53","skip":true,"timestamp":"2023-07-06T05:01:33.908Z"}
{"level":"info","message":"acl params","reqId":"7496f7e2-83ee-4668-a951-a3b6550b3e53","timestamp":"2023-07-06T05:01:33.908Z"}
{"level":"info","message":"acl parsedParams","reqId":"7496f7e2-83ee-4668-a951-a3b6550b3e53","timestamp":"2023-07-06T05:01:33.909Z"}
{"level":"info","message":"END: GET /api/collectionCategories:list?paginate=false&sort%5B%5D=sort","req":{"action":{"actionName":"list","params":{"actionName":"list","paginate":"false","resourceName":"collectionCategories","sort":["sort"]},"resourceName":"collectionCategories"},"header":{"x-hostname":"localhost","x-locale":"en-US","x-role":"admin","x-timezone":"+08:00"}},"reqId":"7496f7e2-83ee-4668-a951-a3b6550b3e53","res":{"status":200},"responseTime":32,"timestamp":"2023-07-06T05:01:33.925Z"}
{"level":"info","message":"END: GET /api/collections:list?paginate=false&appends%5B%5D=fields&appends%5B%5D=category&sort%5B%5D=sort&filter=%7B%7D","req":{"action":{"actionName":"list","params":{"actionName":"list","appends":["fields","category"],"filter":{},"paginate":"false","resourceName":"collections","sort":["sort"]},"resourceName":"collections"},"header":{"x-hostname":"localhost","x-locale":"en-US","x-role":"admin","x-timezone":"+08:00"}},"reqId":"de60053f-857c-4ab3-8de2-726291773982","res":{"status":200},"responseTime":50,"timestamp":"2023-07-06T05:01:33.940Z"}
{"level":"info","message":"BEGIN: GET /api/roles:check","reqId":"8340c841-df58-46cc-ba7d-106f691cc7c2","timestamp":"2023-07-06T05:01:33.954Z"}
{"can":{"action":"check","resource":"roles","role":"admin"},"level":"info","message":"ctx permission","reqId":"8340c841-df58-46cc-ba7d-106f691cc7c2","skip":true,"timestamp":"2023-07-06T05:01:33.964Z"}
{"level":"info","message":"acl params","reqId":"8340c841-df58-46cc-ba7d-106f691cc7c2","timestamp":"2023-07-06T05:01:33.965Z"}
{"level":"info","message":"acl parsedParams","reqId":"8340c841-df58-46cc-ba7d-106f691cc7c2","timestamp":"2023-07-06T05:01:33.965Z"}
{"level":"info","message":"END: GET /api/roles:check","req":{"action":{"actionName":"check","params":{"actionName":"check","resourceName":"roles"},"resourceName":"roles"},"header":{"x-hostname":"localhost","x-locale":"en-US","x-role":"admin","x-timezone":"+08:00"}},"reqId":"8340c841-df58-46cc-ba7d-106f691cc7c2","res":{"status":200},"responseTime":22,"timestamp":"2023-07-06T05:01:33.976Z"}
{"level":"info","message":"BEGIN: GET /api/uiSchemas:getJsonSchema/wlat1s8xzmq","reqId":"dbcb5079-c8e4-43c8-9fe6-80dca2469668","timestamp":"2023-07-06T05:01:34.002Z"}
{"level":"info","message":"BEGIN: GET /api/uiSchemas:getProperties/o5xcci21bn1","reqId":"a7303b21-6533-455b-9a18-682befd535bb","timestamp":"2023-07-06T05:01:34.006Z"}
{"can":null,"level":"info","message":"ctx permission","reqId":"dbcb5079-c8e4-43c8-9fe6-80dca2469668","skip":true,"timestamp":"2023-07-06T05:01:34.023Z"}
{"level":"info","message":"acl params","reqId":"dbcb5079-c8e4-43c8-9fe6-80dca2469668","timestamp":"2023-07-06T05:01:34.023Z"}
{"level":"info","message":"acl parsedParams","reqId":"dbcb5079-c8e4-43c8-9fe6-80dca2469668","timestamp":"2023-07-06T05:01:34.023Z"}
{"level":"info","message":"END: GET /api/uiSchemas:getJsonSchema/wlat1s8xzmq","req":{"action":{"actionName":"getJsonSchema","params":{"actionName":"getJsonSchema","filterByTk":"wlat1s8xzmq","resourceIndex":"wlat1s8xzmq","resourceName":"uiSchemas"},"resourceName":"uiSchemas"},"header":{"x-hostname":"localhost","x-locale":"en-US","x-role":"admin","x-timezone":"+08:00"}},"reqId":"dbcb5079-c8e4-43c8-9fe6-80dca2469668","res":{"status":200},"responseTime":22,"timestamp":"2023-07-06T05:01:34.024Z"}
{"can":{"action":"getProperties","resource":"uiSchemas","role":"admin"},"level":"info","message":"ctx permission","reqId":"a7303b21-6533-455b-9a18-682befd535bb","skip":true,"timestamp":"2023-07-06T05:01:34.027Z"}
{"level":"info","message":"acl params","reqId":"a7303b21-6533-455b-9a18-682befd535bb","timestamp":"2023-07-06T05:01:34.027Z"}
{"level":"info","message":"acl parsedParams","reqId":"a7303b21-6533-455b-9a18-682befd535bb","timestamp":"2023-07-06T05:01:34.027Z"}
{"level":"info","message":"END: GET /api/uiSchemas:getProperties/o5xcci21bn1","req":{"action":{"actionName":"getProperties","params":{"actionName":"getProperties","filterByTk":"o5xcci21bn1","resourceIndex":"o5xcci21bn1","resourceName":"uiSchemas"},"resourceName":"uiSchemas"},"header":{"x-hostname":"localhost","x-locale":"en-US","x-role":"admin","x-timezone":"+08:00"}},"reqId":"a7303b21-6533-455b-9a18-682befd535bb","res":{"status":200},"responseTime":23,"timestamp":"2023-07-06T05:01:34.028Z"}
{"level":"info","message":"BEGIN: GET /api/users:list?pageSize=20","reqId":"8e82d854-1de3-4e6b-b522-92825f363e06","timestamp":"2023-07-06T05:01:34.194Z"}
{"can":{"action":"list","resource":"users","role":"admin"},"level":"info","message":"ctx permission","reqId":"8e82d854-1de3-4e6b-b522-92825f363e06","timestamp":"2023-07-06T05:01:34.220Z"}
{"level":"info","message":"acl params","reqId":"8e82d854-1de3-4e6b-b522-92825f363e06","timestamp":"2023-07-06T05:01:34.220Z"}
{"level":"info","message":"acl parsedParams","reqId":"8e82d854-1de3-4e6b-b522-92825f363e06","timestamp":"2023-07-06T05:01:34.220Z"}
{"level":"info","message":"END: GET /api/users:list?pageSize=20","req":{"action":{"actionName":"list","params":{"actionName":"list","pageSize":"20","resourceName":"users"},"resourceName":"users"},"header":{"x-hostname":"localhost","x-locale":"en-US","x-role":"admin","x-timezone":"+08:00"}},"reqId":"8e82d854-1de3-4e6b-b522-92825f363e06","res":{"status":200},"responseTime":58,"timestamp":"2023-07-06T05:01:34.253Z"}
{"level":"info","message":"BEGIN: POST /api/uiSchemas:insertAdjacent/a1blhz75hd6?position=beforeEnd","reqId":"d8826edf-3d78-426c-8f7b-9a1a11616e37","timestamp":"2023-07-06T05:01:49.460Z"}
{"can":{"action":"insertAdjacent","resource":"uiSchemas","role":"admin"},"level":"info","message":"ctx permission","reqId":"d8826edf-3d78-426c-8f7b-9a1a11616e37","timestamp":"2023-07-06T05:01:49.508Z"}
{"level":"info","message":"acl params","reqId":"d8826edf-3d78-426c-8f7b-9a1a11616e37","timestamp":"2023-07-06T05:01:49.508Z"}
{"level":"info","message":"acl parsedParams","reqId":"d8826edf-3d78-426c-8f7b-9a1a11616e37","timestamp":"2023-07-06T05:01:49.508Z"}
{"level":"info","message":"END: POST /api/uiSchemas:insertAdjacent/a1blhz75hd6?position=beforeEnd","req":{"action":{"actionName":"insertAdjacent","params":{"actionName":"insertAdjacent","filterByTk":"a1blhz75hd6","position":"beforeEnd","resourceIndex":"a1blhz75hd6","resourceName":"uiSchemas","values":{"schema":{"_isJSONSchemaObject":true,"name":"hf69bt8t5bf","properties":{"page":{"_isJSONSchemaObject":true,"name":"page","properties":{"zl1duebdasy":{"_isJSONSchemaObject":true,"name":"zl1duebdasy","type":"void","version":"2.0","x-component":"Grid","x-initializer":"BlockInitializers","x-uid":"3z1wd7e36yu"}},"type":"void","version":"2.0","x-async":true,"x-component":"Page","x-uid":"cnr104noxak"}},"title":"Container","type":"void","version":"2.0","x-component":"Menu.Item","x-component-props":{"icon":"aligncenteroutlined"},"x-decorator":"ACLMenuItemProvider","x-server-hooks":[{"method":"bindMenuToRole","type":"onSelfCreate"}],"x-uid":"6l6im3zat3m"},"wrap":null}},"resourceName":"uiSchemas"},"header":{"x-hostname":"localhost","x-locale":"en-US","x-role":"admin","x-timezone":"+08:00"}},"reqId":"d8826edf-3d78-426c-8f7b-9a1a11616e37","res":{"status":200},"responseTime":142,"timestamp":"2023-07-06T05:01:49.602Z"}
{"level":"info","message":"BEGIN: GET /api/uiSchemas:getProperties/6l6im3zat3m","reqId":"6cb3ad52-464d-4ac4-a569-1c50734db6bf","timestamp":"2023-07-06T05:01:52.440Z"}
{"can":{"action":"getProperties","resource":"uiSchemas","role":"admin"},"level":"info","message":"ctx permission","reqId":"6cb3ad52-464d-4ac4-a569-1c50734db6bf","skip":true,"timestamp":"2023-07-06T05:01:52.476Z"}
{"level":"info","message":"acl params","reqId":"6cb3ad52-464d-4ac4-a569-1c50734db6bf","timestamp":"2023-07-06T05:01:52.476Z"}
{"level":"info","message":"acl parsedParams","reqId":"6cb3ad52-464d-4ac4-a569-1c50734db6bf","timestamp":"2023-07-06T05:01:52.477Z"}
{"level":"info","message":"END: GET /api/uiSchemas:getProperties/6l6im3zat3m","req":{"action":{"actionName":"getProperties","params":{"actionName":"getProperties","filterByTk":"6l6im3zat3m","resourceIndex":"6l6im3zat3m","resourceName":"uiSchemas"},"resourceName":"uiSchemas"},"header":{"x-hostname":"localhost","x-locale":"en-US","x-role":"admin","x-timezone":"+08:00"}},"reqId":"6cb3ad52-464d-4ac4-a569-1c50734db6bf","res":{"status":200},"responseTime":42,"timestamp":"2023-07-06T05:01:52.482Z"}
{"level":"info","message":"BEGIN: POST /api/chartsQueries:validate","reqId":"5e68e4d4-a833-4898-8c95-acc659bc2c25","timestamp":"2023-07-06T05:02:27.703Z"}
{"level":"info","message":"BEGIN: POST /api/chartsQueries:validate","reqId":"ca41d099-4301-47f4-a996-8e651d910b59","timestamp":"2023-07-06T05:02:27.740Z"}
{"can":{"action":"validate","resource":"chartsQueries","role":"admin"},"level":"info","message":"ctx permission","reqId":"5e68e4d4-a833-4898-8c95-acc659bc2c25","timestamp":"2023-07-06T05:02:27.776Z"}
{"level":"info","message":"acl params","reqId":"5e68e4d4-a833-4898-8c95-acc659bc2c25","timestamp":"2023-07-06T05:02:27.777Z"}
{"level":"info","message":"acl parsedParams","reqId":"5e68e4d4-a833-4898-8c95-acc659bc2c25","timestamp":"2023-07-06T05:02:27.778Z"}
{"can":{"action":"validate","resource":"chartsQueries","role":"admin"},"level":"info","message":"ctx permission","reqId":"ca41d099-4301-47f4-a996-8e651d910b59","timestamp":"2023-07-06T05:02:27.783Z"}
{"level":"info","message":"acl params","reqId":"ca41d099-4301-47f4-a996-8e651d910b59","timestamp":"2023-07-06T05:02:27.783Z"}
{"level":"info","message":"acl parsedParams","reqId":"ca41d099-4301-47f4-a996-8e651d910b59","timestamp":"2023-07-06T05:02:27.783Z"}
{"level":"info","message":"END: POST /api/chartsQueries:validate","req":{"action":{"actionName":"validate","params":{"actionName":"validate","resourceName":"chartsQueries","values":{"sql":"select count(*) from fields"}},"resourceName":"chartsQueries"},"header":{"x-hostname":"localhost","x-locale":"en-US","x-role":"admin","x-timezone":"+08:00"}},"reqId":"5e68e4d4-a833-4898-8c95-acc659bc2c25","res":{"status":200},"responseTime":87,"timestamp":"2023-07-06T05:02:27.790Z"}
{"level":"info","message":"END: POST /api/chartsQueries:validate","req":{"action":{"actionName":"validate","params":{"actionName":"validate","resourceName":"chartsQueries","values":{"sql":"select count(*) from fields"}},"resourceName":"chartsQueries"},"header":{"x-hostname":"localhost","x-locale":"en-US","x-role":"admin","x-timezone":"+08:00"}},"reqId":"ca41d099-4301-47f4-a996-8e651d910b59","res":{"status":200},"responseTime":53,"timestamp":"2023-07-06T05:02:27.793Z"}
{"level":"info","message":"BEGIN: POST /api/chartsQueries:create","reqId":"d9aa71b8-c6f4-45b9-81d1-150acf47b7e8","timestamp":"2023-07-06T05:02:27.802Z"}
{"can":{"action":"create","resource":"chartsQueries","role":"admin"},"level":"info","message":"ctx permission","reqId":"d9aa71b8-c6f4-45b9-81d1-150acf47b7e8","timestamp":"2023-07-06T05:02:27.824Z"}
{"level":"info","message":"acl params","reqId":"d9aa71b8-c6f4-45b9-81d1-150acf47b7e8","timestamp":"2023-07-06T05:02:27.825Z"}
{"level":"info","message":"acl parsedParams","reqId":"d9aa71b8-c6f4-45b9-81d1-150acf47b7e8","timestamp":"2023-07-06T05:02:27.825Z"}
{"level":"info","message":"END: POST /api/chartsQueries:create","req":{"action":{"actionName":"create","params":{"actionName":"create","resourceName":"chartsQueries","values":{"options":{"sql":"select count(*) from fields"},"title":"count_fields","type":"sql"}},"resourceName":"chartsQueries"},"header":{"x-hostname":"localhost","x-locale":"en-US","x-role":"admin","x-timezone":"+08:00"}},"reqId":"d9aa71b8-c6f4-45b9-81d1-150acf47b7e8","res":{"status":200},"responseTime":48,"timestamp":"2023-07-06T05:02:27.850Z"}
{"level":"info","message":"BEGIN: POST /api/chartsQueries:listMetadata?paginate=false&sort%5B%5D=-id","reqId":"62f60d74-fa25-44cd-a043-3415e59f73e5","timestamp":"2023-07-06T05:02:27.861Z"}
{"can":{"action":"listMetadata","resource":"chartsQueries","role":"admin"},"level":"info","message":"ctx permission","reqId":"62f60d74-fa25-44cd-a043-3415e59f73e5","skip":true,"timestamp":"2023-07-06T05:02:27.881Z"}
{"level":"info","message":"acl params","reqId":"62f60d74-fa25-44cd-a043-3415e59f73e5","timestamp":"2023-07-06T05:02:27.882Z"}
{"level":"info","message":"acl parsedParams","reqId":"62f60d74-fa25-44cd-a043-3415e59f73e5","timestamp":"2023-07-06T05:02:27.882Z"}
{"level":"info","message":"END: POST /api/chartsQueries:listMetadata?paginate=false&sort%5B%5D=-id","req":{"action":{"actionName":"listMetadata","params":{"actionName":"listMetadata","paginate":"false","resourceName":"chartsQueries","sort":["-id"]},"resourceName":"chartsQueries"},"header":{"x-hostname":"localhost","x-locale":"en-US","x-role":"admin","x-timezone":"+08:00"}},"reqId":"62f60d74-fa25-44cd-a043-3415e59f73e5","res":{"status":200},"responseTime":26,"timestamp":"2023-07-06T05:02:27.887Z"}
{"level":"info","message":"BEGIN: GET /api/chartsQueries:getData/2","reqId":"89819c33-ff94-4b45-b1f0-a397503033ec","timestamp":"2023-07-06T05:02:27.965Z"}
{"can":{"action":"getData","resource":"chartsQueries","role":"admin"},"level":"info","message":"ctx permission","reqId":"89819c33-ff94-4b45-b1f0-a397503033ec","skip":true,"timestamp":"2023-07-06T05:02:27.983Z"}
{"level":"info","message":"acl params","reqId":"89819c33-ff94-4b45-b1f0-a397503033ec","timestamp":"2023-07-06T05:02:27.983Z"}
{"level":"info","message":"acl parsedParams","reqId":"89819c33-ff94-4b45-b1f0-a397503033ec","timestamp":"2023-07-06T05:02:27.983Z"}
{"level":"info","message":"END: GET /api/chartsQueries:getData/2","req":{"action":{"actionName":"getData","params":{"actionName":"getData","filterByTk":"2","resourceIndex":"2","resourceName":"chartsQueries"},"resourceName":"chartsQueries"},"header":{"x-hostname":"localhost","x-locale":"en-US","x-role":"admin","x-timezone":"+08:00"}},"reqId":"89819c33-ff94-4b45-b1f0-a397503033ec","res":{"status":200},"responseTime":24,"timestamp":"2023-07-06T05:02:27.989Z"}
{"level":"info","message":"BEGIN: GET /api/chartsQueries:getData/2","reqId":"0383c20b-c484-496d-807d-033bd928a261","timestamp":"2023-07-06T05:02:45.927Z"}
{"can":{"action":"getData","resource":"chartsQueries","role":"admin"},"level":"info","message":"ctx permission","reqId":"0383c20b-c484-496d-807d-033bd928a261","skip":true,"timestamp":"2023-07-06T05:02:46.001Z"}
{"level":"info","message":"acl params","reqId":"0383c20b-c484-496d-807d-033bd928a261","timestamp":"2023-07-06T05:02:46.002Z"}
{"level":"info","message":"acl parsedParams","reqId":"0383c20b-c484-496d-807d-033bd928a261","timestamp":"2023-07-06T05:02:46.002Z"}
{"level":"info","message":"END: GET /api/chartsQueries:getData/2","req":{"action":{"actionName":"getData","params":{"actionName":"getData","filterByTk":"2","resourceIndex":"2","resourceName":"chartsQueries"},"resourceName":"chartsQueries"},"header":{"x-hostname":"localhost","x-locale":"en-US","x-role":"admin","x-timezone":"+08:00"}},"reqId":"0383c20b-c484-496d-807d-033bd928a261","res":{"status":200},"responseTime":87,"timestamp":"2023-07-06T05:02:46.014Z"}
{"level":"info","message":"BEGIN: POST /api/uiSchemas:insertAdjacent/3z1wd7e36yu?position=beforeEnd","reqId":"5679e3cc-77ff-4f58-b543-576f0110e281","timestamp":"2023-07-06T05:03:02.426Z"}
{"level":"info","message":"BEGIN: GET /api/chartsQueries:getData/2","reqId":"3733f3bc-2ff5-43ba-9a8c-97432b863f1b","timestamp":"2023-07-06T05:03:02.431Z"}
{"can":{"action":"insertAdjacent","resource":"uiSchemas","role":"admin"},"level":"info","message":"ctx permission","reqId":"5679e3cc-77ff-4f58-b543-576f0110e281","timestamp":"2023-07-06T05:03:02.534Z"}
{"level":"info","message":"acl params","reqId":"5679e3cc-77ff-4f58-b543-576f0110e281","timestamp":"2023-07-06T05:03:02.534Z"}
{"level":"info","message":"acl parsedParams","reqId":"5679e3cc-77ff-4f58-b543-576f0110e281","timestamp":"2023-07-06T05:03:02.535Z"}
{"can":{"action":"getData","resource":"chartsQueries","role":"admin"},"level":"info","message":"ctx permission","reqId":"3733f3bc-2ff5-43ba-9a8c-97432b863f1b","skip":true,"timestamp":"2023-07-06T05:03:02.539Z"}
{"level":"info","message":"acl params","reqId":"3733f3bc-2ff5-43ba-9a8c-97432b863f1b","timestamp":"2023-07-06T05:03:02.540Z"}
{"level":"info","message":"acl parsedParams","reqId":"3733f3bc-2ff5-43ba-9a8c-97432b863f1b","timestamp":"2023-07-06T05:03:02.541Z"}
{"level":"info","message":"END: GET /api/chartsQueries:getData/2","req":{"action":{"actionName":"getData","params":{"actionName":"getData","filterByTk":"2","resourceIndex":"2","resourceName":"chartsQueries"},"resourceName":"chartsQueries"},"header":{"x-hostname":"localhost","x-locale":"en-US","x-role":"admin","x-timezone":"+08:00"}},"reqId":"3733f3bc-2ff5-43ba-9a8c-97432b863f1b","res":{"status":200},"responseTime":126,"timestamp":"2023-07-06T05:03:02.557Z"}
{"level":"info","message":"END: POST /api/uiSchemas:insertAdjacent/3z1wd7e36yu?position=beforeEnd","req":{"action":{"actionName":"insertAdjacent","params":{"actionName":"insertAdjacent","filterByTk":"3z1wd7e36yu","position":"beforeEnd","resourceIndex":"3z1wd7e36yu","resourceName":"uiSchemas","values":{"schema":{"_isJSONSchemaObject":true,"name":"1l8op3kixcx","properties":{"pn8xim12mmo":{"_isJSONSchemaObject":true,"name":"pn8xim12mmo","properties":{"axo779nneeh":{"_isJSONSchemaObject":true,"name":"axo779nneeh","type":"void","version":"2.0","x-component":"ChartBlockEngine","x-component-props":{"chartBlockEngineMetaData":{"chart":{"category":"count","dimension":"count","metric":"count","template":"{\n  appendPadding: 10,\n  isGroup: true,\n  yField: '{{metric}}',\n  xField: '{{dimension}}',\n  seriesField: '{{category}}',\n  label: {\n    position: 'middle',\n    style: {\n      fill: '#FFFFFF',\n      opacity: 0.6,\n    },\n  },\n  xAxis: {\n    label: {\n      autoHide: true,\n      autoRotate: false,\n    },\n  },\n}","type":"Column"},"query":{"id":2}}},"x-decorator":"CardItem","x-designer":"ChartBlockEngine.Designer","x-uid":"jfxau0nawq4"}},"type":"void","version":"2.0","x-component":"Grid.Col","x-uid":"sbwmuhmx4o6"}},"type":"void","version":"2.0","x-component":"Grid.Row","x-uid":"ryzphdxpb17"},"wrap":null}},"resourceName":"uiSchemas"},"header":{"x-hostname":"localhost","x-locale":"en-US","x-role":"admin","x-timezone":"+08:00"}},"reqId":"5679e3cc-77ff-4f58-b543-576f0110e281","res":{"status":200},"responseTime":245,"timestamp":"2023-07-06T05:03:02.671Z"}
{"level":"info","message":"BEGIN: POST /api/uiSchemas:remove/ryzphdxpb17","reqId":"aae1f1aa-42d6-412d-967e-a8d230a1daad","timestamp":"2023-07-06T05:03:12.906Z"}
{"can":{"action":"remove","resource":"uiSchemas","role":"admin"},"level":"info","message":"ctx permission","reqId":"aae1f1aa-42d6-412d-967e-a8d230a1daad","timestamp":"2023-07-06T05:03:12.937Z"}
{"level":"info","message":"acl params","reqId":"aae1f1aa-42d6-412d-967e-a8d230a1daad","timestamp":"2023-07-06T05:03:12.937Z"}
{"level":"info","message":"acl parsedParams","reqId":"aae1f1aa-42d6-412d-967e-a8d230a1daad","timestamp":"2023-07-06T05:03:12.937Z"}
{"level":"info","message":"END: POST /api/uiSchemas:remove/ryzphdxpb17","req":{"action":{"actionName":"remove","params":{"actionName":"remove","filterByTk":"ryzphdxpb17","resourceIndex":"ryzphdxpb17","resourceName":"uiSchemas"},"resourceName":"uiSchemas"},"header":{"x-hostname":"localhost","x-locale":"en-US","x-role":"admin","x-timezone":"+08:00"}},"reqId":"aae1f1aa-42d6-412d-967e-a8d230a1daad","res":{"status":200},"responseTime":47,"timestamp":"2023-07-06T05:03:12.953Z"}
{"level":"info","message":"BEGIN: POST /api/chartsQueries:validate","reqId":"b831d764-c165-4e06-a2b5-3eb0659768ac","timestamp":"2023-07-06T05:06:58.641Z"}
{"can":{"action":"validate","resource":"chartsQueries","role":"admin"},"level":"info","message":"ctx permission","reqId":"b831d764-c165-4e06-a2b5-3eb0659768ac","timestamp":"2023-07-06T05:06:58.712Z"}
{"level":"info","message":"acl params","reqId":"b831d764-c165-4e06-a2b5-3eb0659768ac","timestamp":"2023-07-06T05:06:58.712Z"}
{"level":"info","message":"acl parsedParams","reqId":"b831d764-c165-4e06-a2b5-3eb0659768ac","timestamp":"2023-07-06T05:06:58.712Z"}
{"level":"info","message":"END: POST /api/chartsQueries:validate","req":{"action":{"actionName":"validate","params":{"actionName":"validate","resourceName":"chartsQueries","values":{"sql":"select count(*),\"collectionName\" from fields group by \"collectionName\""}},"resourceName":"chartsQueries"},"header":{"x-hostname":"localhost","x-locale":"en-US","x-role":"admin","x-timezone":"+08:00"}},"reqId":"b831d764-c165-4e06-a2b5-3eb0659768ac","res":{"status":200},"responseTime":79,"timestamp":"2023-07-06T05:06:58.720Z"}
{"level":"info","message":"BEGIN: POST /api/chartsQueries:validate","reqId":"6a4684c9-50a1-4e79-af63-572e199044c3","timestamp":"2023-07-06T05:07:01.615Z"}
{"can":{"action":"validate","resource":"chartsQueries","role":"admin"},"level":"info","message":"ctx permission","reqId":"6a4684c9-50a1-4e79-af63-572e199044c3","timestamp":"2023-07-06T05:07:01.636Z"}
{"level":"info","message":"acl params","reqId":"6a4684c9-50a1-4e79-af63-572e199044c3","timestamp":"2023-07-06T05:07:01.636Z"}
{"level":"info","message":"acl parsedParams","reqId":"6a4684c9-50a1-4e79-af63-572e199044c3","timestamp":"2023-07-06T05:07:01.636Z"}
{"level":"info","message":"END: POST /api/chartsQueries:validate","req":{"action":{"actionName":"validate","params":{"actionName":"validate","resourceName":"chartsQueries","values":{"sql":"select count(*),\"collectionName\" from fields group by \"collectionName\""}},"resourceName":"chartsQueries"},"header":{"x-hostname":"localhost","x-locale":"en-US","x-role":"admin","x-timezone":"+08:00"}},"reqId":"6a4684c9-50a1-4e79-af63-572e199044c3","res":{"status":200},"responseTime":25,"timestamp":"2023-07-06T05:07:01.640Z"}
{"level":"info","message":"BEGIN: POST /api/chartsQueries:create","reqId":"5d07d551-3662-45a6-889f-f8ad2b20e898","timestamp":"2023-07-06T05:07:01.653Z"}
{"can":{"action":"create","resource":"chartsQueries","role":"admin"},"level":"info","message":"ctx permission","reqId":"5d07d551-3662-45a6-889f-f8ad2b20e898","timestamp":"2023-07-06T05:07:01.672Z"}
{"level":"info","message":"acl params","reqId":"5d07d551-3662-45a6-889f-f8ad2b20e898","timestamp":"2023-07-06T05:07:01.673Z"}
{"level":"info","message":"acl parsedParams","reqId":"5d07d551-3662-45a6-889f-f8ad2b20e898","timestamp":"2023-07-06T05:07:01.673Z"}
{"level":"info","message":"END: POST /api/chartsQueries:create","req":{"action":{"actionName":"create","params":{"actionName":"create","resourceName":"chartsQueries","values":{"options":{"sql":"select count(*),\"collectionName\" from fields group by \"collectionName\""},"title":"counts","type":"sql"}},"resourceName":"chartsQueries"},"header":{"x-hostname":"localhost","x-locale":"en-US","x-role":"admin","x-timezone":"+08:00"}},"reqId":"5d07d551-3662-45a6-889f-f8ad2b20e898","res":{"status":200},"responseTime":42,"timestamp":"2023-07-06T05:07:01.695Z"}
{"level":"info","message":"BEGIN: POST /api/chartsQueries:listMetadata?paginate=false&sort%5B%5D=-id","reqId":"fa4542e6-45ee-4501-9f60-16c62f68dce3","timestamp":"2023-07-06T05:07:01.705Z"}
{"can":{"action":"listMetadata","resource":"chartsQueries","role":"admin"},"level":"info","message":"ctx permission","reqId":"fa4542e6-45ee-4501-9f60-16c62f68dce3","skip":true,"timestamp":"2023-07-06T05:07:01.722Z"}
{"level":"info","message":"acl params","reqId":"fa4542e6-45ee-4501-9f60-16c62f68dce3","timestamp":"2023-07-06T05:07:01.723Z"}
{"level":"info","message":"acl parsedParams","reqId":"fa4542e6-45ee-4501-9f60-16c62f68dce3","timestamp":"2023-07-06T05:07:01.723Z"}
{"level":"info","message":"END: POST /api/chartsQueries:listMetadata?paginate=false&sort%5B%5D=-id","req":{"action":{"actionName":"listMetadata","params":{"actionName":"listMetadata","paginate":"false","resourceName":"chartsQueries","sort":["-id"]},"resourceName":"chartsQueries"},"header":{"x-hostname":"localhost","x-locale":"en-US","x-role":"admin","x-timezone":"+08:00"}},"reqId":"fa4542e6-45ee-4501-9f60-16c62f68dce3","res":{"status":200},"responseTime":22,"timestamp":"2023-07-06T05:07:01.727Z"}
{"level":"info","message":"BEGIN: GET /api/chartsQueries:getData/3","reqId":"b3d34cb1-e6e8-434e-aed2-39ad4c11e951","timestamp":"2023-07-06T05:07:01.789Z"}
{"can":{"action":"getData","resource":"chartsQueries","role":"admin"},"level":"info","message":"ctx permission","reqId":"b3d34cb1-e6e8-434e-aed2-39ad4c11e951","skip":true,"timestamp":"2023-07-06T05:07:01.810Z"}
{"level":"info","message":"acl params","reqId":"b3d34cb1-e6e8-434e-aed2-39ad4c11e951","timestamp":"2023-07-06T05:07:01.810Z"}
{"level":"info","message":"acl parsedParams","reqId":"b3d34cb1-e6e8-434e-aed2-39ad4c11e951","timestamp":"2023-07-06T05:07:01.811Z"}
{"level":"info","message":"END: GET /api/chartsQueries:getData/3","req":{"action":{"actionName":"getData","params":{"actionName":"getData","filterByTk":"3","resourceIndex":"3","resourceName":"chartsQueries"},"resourceName":"chartsQueries"},"header":{"x-hostname":"localhost","x-locale":"en-US","x-role":"admin","x-timezone":"+08:00"}},"reqId":"b3d34cb1-e6e8-434e-aed2-39ad4c11e951","res":{"status":200},"responseTime":30,"timestamp":"2023-07-06T05:07:01.819Z"}
{"level":"info","message":"BEGIN: GET /api/chartsQueries:getData/3","reqId":"764c6fbc-beeb-437e-acf8-3304072252ed","timestamp":"2023-07-06T05:07:05.134Z"}
{"can":{"action":"getData","resource":"chartsQueries","role":"admin"},"level":"info","message":"ctx permission","reqId":"764c6fbc-beeb-437e-acf8-3304072252ed","skip":true,"timestamp":"2023-07-06T05:07:05.156Z"}
{"level":"info","message":"acl params","reqId":"764c6fbc-beeb-437e-acf8-3304072252ed","timestamp":"2023-07-06T05:07:05.156Z"}
{"level":"info","message":"acl parsedParams","reqId":"764c6fbc-beeb-437e-acf8-3304072252ed","timestamp":"2023-07-06T05:07:05.157Z"}
{"level":"info","message":"END: GET /api/chartsQueries:getData/3","req":{"action":{"actionName":"getData","params":{"actionName":"getData","filterByTk":"3","resourceIndex":"3","resourceName":"chartsQueries"},"resourceName":"chartsQueries"},"header":{"x-hostname":"localhost","x-locale":"en-US","x-role":"admin","x-timezone":"+08:00"}},"reqId":"764c6fbc-beeb-437e-acf8-3304072252ed","res":{"status":200},"responseTime":34,"timestamp":"2023-07-06T05:07:05.168Z"}
{"level":"info","message":"BEGIN: POST /api/uiSchemas:insertAdjacent/3z1wd7e36yu?position=beforeEnd","reqId":"5cb632e6-655b-46ce-8a78-1a5b1937046d","timestamp":"2023-07-06T05:07:26.460Z"}
{"level":"info","message":"BEGIN: GET /api/chartsQueries:getData/3","reqId":"e8a02752-6892-4397-9c00-22a6f9b4d606","timestamp":"2023-07-06T05:07:26.465Z"}
{"can":{"action":"insertAdjacent","resource":"uiSchemas","role":"admin"},"level":"info","message":"ctx permission","reqId":"5cb632e6-655b-46ce-8a78-1a5b1937046d","timestamp":"2023-07-06T05:07:26.536Z"}
{"level":"info","message":"acl params","reqId":"5cb632e6-655b-46ce-8a78-1a5b1937046d","timestamp":"2023-07-06T05:07:26.539Z"}
{"level":"info","message":"acl parsedParams","reqId":"5cb632e6-655b-46ce-8a78-1a5b1937046d","timestamp":"2023-07-06T05:07:26.539Z"}
{"can":{"action":"getData","resource":"chartsQueries","role":"admin"},"level":"info","message":"ctx permission","reqId":"e8a02752-6892-4397-9c00-22a6f9b4d606","skip":true,"timestamp":"2023-07-06T05:07:26.541Z"}
{"level":"info","message":"acl params","reqId":"e8a02752-6892-4397-9c00-22a6f9b4d606","timestamp":"2023-07-06T05:07:26.541Z"}
{"level":"info","message":"acl parsedParams","reqId":"e8a02752-6892-4397-9c00-22a6f9b4d606","timestamp":"2023-07-06T05:07:26.542Z"}
{"level":"info","message":"END: GET /api/chartsQueries:getData/3","req":{"action":{"actionName":"getData","params":{"actionName":"getData","filterByTk":"3","resourceIndex":"3","resourceName":"chartsQueries"},"resourceName":"chartsQueries"},"header":{"x-hostname":"localhost","x-locale":"en-US","x-role":"admin","x-timezone":"+08:00"}},"reqId":"e8a02752-6892-4397-9c00-22a6f9b4d606","res":{"status":200},"responseTime":91,"timestamp":"2023-07-06T05:07:26.556Z"}
{"level":"info","message":"END: POST /api/uiSchemas:insertAdjacent/3z1wd7e36yu?position=beforeEnd","req":{"action":{"actionName":"insertAdjacent","params":{"actionName":"insertAdjacent","filterByTk":"3z1wd7e36yu","position":"beforeEnd","resourceIndex":"3z1wd7e36yu","resourceName":"uiSchemas","values":{"schema":{"_isJSONSchemaObject":true,"name":"dug8dn6ulb0","properties":{"6zyqfoxozn1":{"_isJSONSchemaObject":true,"name":"6zyqfoxozn1","properties":{"1wzr9xpkx5a":{"_isJSONSchemaObject":true,"name":"1wzr9xpkx5a","type":"void","version":"2.0","x-component":"ChartBlockEngine","x-component-props":{"chartBlockEngineMetaData":{"chart":{"category":"collectionName","dimension":"count","metric":"collectionName","template":"{\n  appendPadding: 10,\n  isGroup: true,\n  yField: '{{metric}}',\n  xField: '{{dimension}}',\n  seriesField: '{{category}}',\n  label: {\n    position: 'middle',\n    style: {\n      fill: '#FFFFFF',\n      opacity: 0.6,\n    },\n  },\n  xAxis: {\n    label: {\n      autoHide: true,\n      autoRotate: false,\n    },\n  },\n}","type":"Column"},"query":{"id":3}}},"x-decorator":"CardItem","x-designer":"ChartBlockEngine.Designer","x-uid":"0j9e9us8bxo"}},"type":"void","version":"2.0","x-component":"Grid.Col","x-uid":"tspknbk4v6a"}},"type":"void","version":"2.0","x-component":"Grid.Row","x-uid":"druu6h2oxbv"},"wrap":null}},"resourceName":"uiSchemas"},"header":{"x-hostname":"localhost","x-locale":"en-US","x-role":"admin","x-timezone":"+08:00"}},"reqId":"5cb632e6-655b-46ce-8a78-1a5b1937046d","res":{"status":200},"responseTime":278,"timestamp":"2023-07-06T05:07:26.738Z"}
{"level":"info","message":"BEGIN: GET /api/chartsQueries:getData/3","reqId":"be8a9377-352e-479e-b911-847bef019a77","timestamp":"2023-07-06T05:07:29.653Z"}
{"can":{"action":"getData","resource":"chartsQueries","role":"admin"},"level":"info","message":"ctx permission","reqId":"be8a9377-352e-479e-b911-847bef019a77","skip":true,"timestamp":"2023-07-06T05:07:29.682Z"}
{"level":"info","message":"acl params","reqId":"be8a9377-352e-479e-b911-847bef019a77","timestamp":"2023-07-06T05:07:29.683Z"}
{"level":"info","message":"acl parsedParams","reqId":"be8a9377-352e-479e-b911-847bef019a77","timestamp":"2023-07-06T05:07:29.683Z"}
{"level":"info","message":"END: GET /api/chartsQueries:getData/3","req":{"action":{"actionName":"getData","params":{"actionName":"getData","filterByTk":"3","resourceIndex":"3","resourceName":"chartsQueries"},"resourceName":"chartsQueries"},"header":{"x-hostname":"localhost","x-locale":"en-US","x-role":"admin","x-timezone":"+08:00"}},"reqId":"be8a9377-352e-479e-b911-847bef019a77","res":{"status":200},"responseTime":42,"timestamp":"2023-07-06T05:07:29.695Z"}
{"level":"info","message":"BEGIN: GET /api/chartsQueries:getData/3","reqId":"dca85341-9d1d-4bb7-a19a-bf8e0cb63bd0","timestamp":"2023-07-06T05:07:29.703Z"}
{"can":{"action":"getData","resource":"chartsQueries","role":"admin"},"level":"info","message":"ctx permission","reqId":"dca85341-9d1d-4bb7-a19a-bf8e0cb63bd0","skip":true,"timestamp":"2023-07-06T05:07:29.722Z"}
{"level":"info","message":"acl params","reqId":"dca85341-9d1d-4bb7-a19a-bf8e0cb63bd0","timestamp":"2023-07-06T05:07:29.722Z"}
{"level":"info","message":"acl parsedParams","reqId":"dca85341-9d1d-4bb7-a19a-bf8e0cb63bd0","timestamp":"2023-07-06T05:07:29.723Z"}
{"level":"info","message":"END: GET /api/chartsQueries:getData/3","req":{"action":{"actionName":"getData","params":{"actionName":"getData","filterByTk":"3","resourceIndex":"3","resourceName":"chartsQueries"},"resourceName":"chartsQueries"},"header":{"x-hostname":"localhost","x-locale":"en-US","x-role":"admin","x-timezone":"+08:00"}},"reqId":"dca85341-9d1d-4bb7-a19a-bf8e0cb63bd0","res":{"status":200},"responseTime":54,"timestamp":"2023-07-06T05:07:29.757Z"}
{"level":"info","message":"BEGIN: POST /api/uiSchemas:patch","reqId":"4a2f2e57-7be8-464a-bea9-aa70aa329899","timestamp":"2023-07-06T05:07:42.919Z"}
{"can":{"action":"patch","resource":"uiSchemas","role":"admin"},"level":"info","message":"ctx permission","reqId":"4a2f2e57-7be8-464a-bea9-aa70aa329899","timestamp":"2023-07-06T05:07:42.978Z"}
{"level":"info","message":"acl params","reqId":"4a2f2e57-7be8-464a-bea9-aa70aa329899","timestamp":"2023-07-06T05:07:42.978Z"}
{"level":"info","message":"acl parsedParams","reqId":"4a2f2e57-7be8-464a-bea9-aa70aa329899","timestamp":"2023-07-06T05:07:42.979Z"}
{"level":"info","message":"END: POST /api/uiSchemas:patch","req":{"action":{"actionName":"patch","params":{"actionName":"patch","resourceName":"uiSchemas","values":{"x-component-props":{"chartBlockEngineMetaData":{"chart":{"category":"collectionName","dimension":"collectionName","metric":"count","template":"{\n  appendPadding: 10,\n  isGroup: true,\n  yField: '{{metric}}',\n  xField: '{{dimension}}',\n  seriesField: '{{category}}',\n  label: {\n    position: 'middle',\n    style: {\n      fill: '#FFFFFF',\n      opacity: 0.6,\n    },\n  },\n  xAxis: {\n    label: {\n      autoHide: true,\n      autoRotate: false,\n    },\n  },\n}","type":"Column"},"query":{"id":3}}},"x-uid":"0j9e9us8bxo"}},"resourceName":"uiSchemas"},"header":{"x-hostname":"localhost","x-locale":"en-US","x-role":"admin","x-timezone":"+08:00"}},"reqId":"4a2f2e57-7be8-464a-bea9-aa70aa329899","res":{"status":200},"responseTime":87,"timestamp":"2023-07-06T05:07:43.006Z"}
{"level":"info","message":"BEGIN: GET /api/chartsQueries:getData/3","reqId":"5925346b-eb5d-47d6-b065-d299478d3cae","timestamp":"2023-07-06T05:07:46.917Z"}
{"can":{"action":"getData","resource":"chartsQueries","role":"admin"},"level":"info","message":"ctx permission","reqId":"5925346b-eb5d-47d6-b065-d299478d3cae","skip":true,"timestamp":"2023-07-06T05:07:46.947Z"}
{"level":"info","message":"acl params","reqId":"5925346b-eb5d-47d6-b065-d299478d3cae","timestamp":"2023-07-06T05:07:46.947Z"}
{"level":"info","message":"acl parsedParams","reqId":"5925346b-eb5d-47d6-b065-d299478d3cae","timestamp":"2023-07-06T05:07:46.947Z"}
{"level":"info","message":"END: GET /api/chartsQueries:getData/3","req":{"action":{"actionName":"getData","params":{"actionName":"getData","filterByTk":"3","resourceIndex":"3","resourceName":"chartsQueries"},"resourceName":"chartsQueries"},"header":{"x-hostname":"localhost","x-locale":"en-US","x-role":"admin","x-timezone":"+08:00"}},"reqId":"5925346b-eb5d-47d6-b065-d299478d3cae","res":{"status":200},"responseTime":42,"timestamp":"2023-07-06T05:07:46.959Z"}
{"level":"info","message":"BEGIN: GET /api/chartsQueries:getData/3","reqId":"7c912954-6d56-4b6d-87d3-0830b5f7ba58","timestamp":"2023-07-06T05:07:46.967Z"}
{"can":{"action":"getData","resource":"chartsQueries","role":"admin"},"level":"info","message":"ctx permission","reqId":"7c912954-6d56-4b6d-87d3-0830b5f7ba58","skip":true,"timestamp":"2023-07-06T05:07:47.071Z"}
{"level":"info","message":"acl params","reqId":"7c912954-6d56-4b6d-87d3-0830b5f7ba58","timestamp":"2023-07-06T05:07:47.072Z"}
{"level":"info","message":"acl parsedParams","reqId":"7c912954-6d56-4b6d-87d3-0830b5f7ba58","timestamp":"2023-07-06T05:07:47.072Z"}
{"level":"info","message":"END: GET /api/chartsQueries:getData/3","req":{"action":{"actionName":"getData","params":{"actionName":"getData","filterByTk":"3","resourceIndex":"3","resourceName":"chartsQueries"},"resourceName":"chartsQueries"},"header":{"x-hostname":"localhost","x-locale":"en-US","x-role":"admin","x-timezone":"+08:00"}},"reqId":"7c912954-6d56-4b6d-87d3-0830b5f7ba58","res":{"status":200},"responseTime":141,"timestamp":"2023-07-06T05:07:47.109Z"}
{"level":"info","message":"BEGIN: POST /api/uiSchemas:patch","reqId":"56d922da-b3e4-478e-8d3d-70441bc1e903","timestamp":"2023-07-06T05:08:10.251Z"}
{"can":{"action":"patch","resource":"uiSchemas","role":"admin"},"level":"info","message":"ctx permission","reqId":"56d922da-b3e4-478e-8d3d-70441bc1e903","timestamp":"2023-07-06T05:08:10.394Z"}
{"level":"info","message":"acl params","reqId":"56d922da-b3e4-478e-8d3d-70441bc1e903","timestamp":"2023-07-06T05:08:10.395Z"}
{"level":"info","message":"acl parsedParams","reqId":"56d922da-b3e4-478e-8d3d-70441bc1e903","timestamp":"2023-07-06T05:08:10.395Z"}
{"level":"info","message":"END: POST /api/uiSchemas:patch","req":{"action":{"actionName":"patch","params":{"actionName":"patch","resourceName":"uiSchemas","values":{"x-component-props":{"chartBlockEngineMetaData":{"chart":{"dimension":"count","metric":"collectionName","template":"{\n  appendPadding: 10,\n  angleField: '{{metric}}',\n  colorField: '{{dimension}}',\n  radius: 0.9,\n  label: {\n    type: 'inner',\n    offset: '-30%',\n    content: '{{({percent}) => `${(percent * 100).toFixed(0)}%`}}',\n    style: {\n      fontSize: 14,\n      textAlign: 'center',\n    },\n  },\n  interactions: [\n    {\n      type: 'element-active',\n    },\n  ],\n}","type":"Pie"},"query":{"id":3}}},"x-uid":"0j9e9us8bxo"}},"resourceName":"uiSchemas"},"header":{"x-hostname":"localhost","x-locale":"en-US","x-role":"admin","x-timezone":"+08:00"}},"reqId":"56d922da-b3e4-478e-8d3d-70441bc1e903","res":{"status":200},"responseTime":169,"timestamp":"2023-07-06T05:08:10.420Z"}
{"level":"info","message":"BEGIN: POST /api/uiSchemas:insertAdjacent/0j9e9us8bxo?position=afterEnd","reqId":"12ef5919-8ea2-4a50-80fc-644dabe6279b","timestamp":"2023-07-06T05:08:22.418Z"}
{"level":"info","message":"BEGIN: GET /api/gh_starred_repo:list?pageSize=20","reqId":"3a90a65a-2396-4169-9988-bd7126822554","timestamp":"2023-07-06T05:08:22.422Z"}
{"can":{"action":"insertAdjacent","resource":"uiSchemas","role":"admin"},"level":"info","message":"ctx permission","reqId":"12ef5919-8ea2-4a50-80fc-644dabe6279b","timestamp":"2023-07-06T05:08:22.557Z"}
{"level":"info","message":"acl params","reqId":"12ef5919-8ea2-4a50-80fc-644dabe6279b","timestamp":"2023-07-06T05:08:22.557Z"}
{"level":"info","message":"acl parsedParams","reqId":"12ef5919-8ea2-4a50-80fc-644dabe6279b","timestamp":"2023-07-06T05:08:22.558Z"}
{"can":{"action":"list","resource":"gh_starred_repo","role":"admin"},"level":"info","message":"ctx permission","reqId":"3a90a65a-2396-4169-9988-bd7126822554","timestamp":"2023-07-06T05:08:22.561Z"}
{"level":"info","message":"acl params","reqId":"3a90a65a-2396-4169-9988-bd7126822554","timestamp":"2023-07-06T05:08:22.561Z"}
{"level":"info","message":"acl parsedParams","reqId":"3a90a65a-2396-4169-9988-bd7126822554","timestamp":"2023-07-06T05:08:22.561Z"}
{"level":"info","message":"END: GET /api/gh_starred_repo:list?pageSize=20","req":{"action":{"actionName":"list","params":{"actionName":"list","pageSize":"20","resourceName":"gh_starred_repo"},"resourceName":"gh_starred_repo"},"header":{"x-hostname":"localhost","x-locale":"en-US","x-role":"admin","x-timezone":"+08:00"}},"reqId":"3a90a65a-2396-4169-9988-bd7126822554","res":{"status":200},"responseTime":165,"timestamp":"2023-07-06T05:08:22.587Z"}
{"level":"info","message":"END: POST /api/uiSchemas:insertAdjacent/0j9e9us8bxo?position=afterEnd","req":{"action":{"actionName":"insertAdjacent","params":{"actionName":"insertAdjacent","filterByTk":"0j9e9us8bxo","position":"afterEnd","resourceIndex":"0j9e9us8bxo","resourceName":"uiSchemas","values":{"schema":{"_isJSONSchemaObject":true,"name":"s2mpy8phy8w","properties":{"j6mvksjpdh5":{"_isJSONSchemaObject":true,"name":"j6mvksjpdh5","properties":{"y2n4dwf29ww":{"_isJSONSchemaObject":true,"name":"y2n4dwf29ww","properties":{"90cn03i4qi6":{"_isJSONSchemaObject":true,"name":"90cn03i4qi6","properties":{"actions":{"_isJSONSchemaObject":true,"name":"actions","properties":{"actions":{"_isJSONSchemaObject":true,"name":"actions","type":"void","version":"2.0","x-component":"Space","x-component-props":{"split":"|"},"x-decorator":"DndContext","x-uid":"kfqufgkpxmh"}},"title":"{{ t(\"Actions\") }}","type":"void","version":"2.0","x-action-column":"actions","x-component":"TableV2.Column","x-decorator":"TableV2.Column.ActionBar","x-designer":"TableV2.ActionColumnDesigner","x-initializer":"TableActionColumnInitializers","x-uid":"4gz18nq83x6"}},"type":"array","version":"2.0","x-component":"TableV2","x-component-props":{"rowKey":"id","rowSelection":{"type":"checkbox"},"useProps":"{{ useTableBlockProps }}"},"x-initializer":"TableColumnInitializers","x-uid":"o4hc4xxfdjh"},"actions":{"_isJSONSchemaObject":true,"name":"actions","type":"void","version":"2.0","x-component":"ActionBar","x-component-props":{"style":{"marginBottom":"var(--nb-spacing)"}},"x-initializer":"TableActionInitializers","x-uid":"n7i5s211zdt"}},"type":"void","version":"2.0","x-acl-action":"gh_starred_repo:list","x-component":"CardItem","x-decorator":"TableBlockProvider","x-decorator-props":{"action":"list","collection":"gh_starred_repo","disableTemplate":false,"dragSort":false,"params":{"pageSize":20},"resource":"gh_starred_repo","rowKey":"id","showIndex":true},"x-designer":"TableBlockDesigner","x-filter-targets":[],"x-uid":"om6rmtxs5d2"}},"type":"void","version":"2.0","x-component":"Grid.Col","x-uid":"nunl0thtpcl"}},"type":"void","version":"2.0","x-component":"Grid.Row","x-index":1,"x-uid":"psi7gubbhsw"},"wrap":null}},"resourceName":"uiSchemas"},"header":{"x-hostname":"localhost","x-locale":"en-US","x-role":"admin","x-timezone":"+08:00"}},"reqId":"12ef5919-8ea2-4a50-80fc-644dabe6279b","res":{"status":200},"responseTime":232,"timestamp":"2023-07-06T05:08:22.650Z"}
{"level":"info","message":"BEGIN: POST /api/uiSchemas:remove/psi7gubbhsw","reqId":"679e6f5a-cadc-4083-a1c1-7c236a74279e","timestamp":"2023-07-06T05:08:30.346Z"}
{"can":{"action":"remove","resource":"uiSchemas","role":"admin"},"level":"info","message":"ctx permission","reqId":"679e6f5a-cadc-4083-a1c1-7c236a74279e","timestamp":"2023-07-06T05:08:30.473Z"}
{"level":"info","message":"acl params","reqId":"679e6f5a-cadc-4083-a1c1-7c236a74279e","timestamp":"2023-07-06T05:08:30.474Z"}
{"level":"info","message":"acl parsedParams","reqId":"679e6f5a-cadc-4083-a1c1-7c236a74279e","timestamp":"2023-07-06T05:08:30.474Z"}
{"level":"info","message":"END: POST /api/uiSchemas:remove/psi7gubbhsw","req":{"action":{"actionName":"remove","params":{"actionName":"remove","filterByTk":"psi7gubbhsw","resourceIndex":"psi7gubbhsw","resourceName":"uiSchemas"},"resourceName":"uiSchemas"},"header":{"x-hostname":"localhost","x-locale":"en-US","x-role":"admin","x-timezone":"+08:00"}},"reqId":"679e6f5a-cadc-4083-a1c1-7c236a74279e","res":{"status":200},"responseTime":163,"timestamp":"2023-07-06T05:08:30.509Z"}
{"level":"info","message":"BEGIN: GET /api/chartsQueries:getData/3","reqId":"92261d53-020b-443e-b735-f90aff24b68c","timestamp":"2023-07-06T05:08:33.176Z"}
{"can":{"action":"getData","resource":"chartsQueries","role":"admin"},"level":"info","message":"ctx permission","reqId":"92261d53-020b-443e-b735-f90aff24b68c","skip":true,"timestamp":"2023-07-06T05:08:33.202Z"}
{"level":"info","message":"acl params","reqId":"92261d53-020b-443e-b735-f90aff24b68c","timestamp":"2023-07-06T05:08:33.202Z"}
{"level":"info","message":"acl parsedParams","reqId":"92261d53-020b-443e-b735-f90aff24b68c","timestamp":"2023-07-06T05:08:33.202Z"}
{"level":"info","message":"END: GET /api/chartsQueries:getData/3","req":{"action":{"actionName":"getData","params":{"actionName":"getData","filterByTk":"3","resourceIndex":"3","resourceName":"chartsQueries"},"resourceName":"chartsQueries"},"header":{"x-hostname":"localhost","x-locale":"en-US","x-role":"admin","x-timezone":"+08:00"}},"reqId":"92261d53-020b-443e-b735-f90aff24b68c","res":{"status":200},"responseTime":41,"timestamp":"2023-07-06T05:08:33.218Z"}
{"level":"info","message":"BEGIN: GET /api/chartsQueries:getData/3","reqId":"b8527d51-025c-43e5-b214-a60c0d5aea32","timestamp":"2023-07-06T05:08:33.232Z"}
{"can":{"action":"getData","resource":"chartsQueries","role":"admin"},"level":"info","message":"ctx permission","reqId":"b8527d51-025c-43e5-b214-a60c0d5aea32","skip":true,"timestamp":"2023-07-06T05:08:33.288Z"}
{"level":"info","message":"acl params","reqId":"b8527d51-025c-43e5-b214-a60c0d5aea32","timestamp":"2023-07-06T05:08:33.288Z"}
{"level":"info","message":"acl parsedParams","reqId":"b8527d51-025c-43e5-b214-a60c0d5aea32","timestamp":"2023-07-06T05:08:33.289Z"}
{"level":"info","message":"END: GET /api/chartsQueries:getData/3","req":{"action":{"actionName":"getData","params":{"actionName":"getData","filterByTk":"3","resourceIndex":"3","resourceName":"chartsQueries"},"resourceName":"chartsQueries"},"header":{"x-hostname":"localhost","x-locale":"en-US","x-role":"admin","x-timezone":"+08:00"}},"reqId":"b8527d51-025c-43e5-b214-a60c0d5aea32","res":{"status":200},"responseTime":91,"timestamp":"2023-07-06T05:08:33.322Z"}
{"level":"info","message":"BEGIN: POST /api/uiSchemas:patch","reqId":"776a4f25-23ff-40ca-b2d3-82f9d5cd6f1e","timestamp":"2023-07-06T05:08:53.824Z"}
{"can":{"action":"patch","resource":"uiSchemas","role":"admin"},"level":"info","message":"ctx permission","reqId":"776a4f25-23ff-40ca-b2d3-82f9d5cd6f1e","timestamp":"2023-07-06T05:08:53.984Z"}
{"level":"info","message":"acl params","reqId":"776a4f25-23ff-40ca-b2d3-82f9d5cd6f1e","timestamp":"2023-07-06T05:08:53.985Z"}
{"level":"info","message":"acl parsedParams","reqId":"776a4f25-23ff-40ca-b2d3-82f9d5cd6f1e","timestamp":"2023-07-06T05:08:53.985Z"}
{"level":"info","message":"END: POST /api/uiSchemas:patch","req":{"action":{"actionName":"patch","params":{"actionName":"patch","resourceName":"uiSchemas","values":{"x-component-props":{"chartBlockEngineMetaData":{"chart":{"category":"collectionName","dimension":"collectionName","metric":"count","template":"{\n  appendPadding: 10,\n  isGroup: true,\n  yField: '{{dimension}}',\n  xField: '{{metric}}',\n  seriesField: '{{category}}',\n  label: {\n    position: 'middle',\n    style: {\n      fill: '#FFFFFF',\n      opacity: 0.6,\n    },\n  },\n  xAxis: {\n    label: {\n      autoHide: true,\n      autoRotate: false,\n    },\n  },\n}","type":"Bar"},"query":{"id":3}}},"x-uid":"0j9e9us8bxo"}},"resourceName":"uiSchemas"},"header":{"x-hostname":"localhost","x-locale":"en-US","x-role":"admin","x-timezone":"+08:00"}},"reqId":"776a4f25-23ff-40ca-b2d3-82f9d5cd6f1e","res":{"status":200},"responseTime":191,"timestamp":"2023-07-06T05:08:54.015Z"}
